14:15:32:671  INFO 19964 --- [main] com.hmall.item.ItemApplication           : The following 1 profile is active: "local"
14:15:33:440  INFO 19964 --- [main] o.s.cloud.context.scope.GenericScope     : BeanFactory id=2b73037f-cb2c-3448-84f2-56bd68359fb8
14:15:33:719  INFO 19964 --- [main] o.s.b.w.embedded.tomcat.TomcatWebServer  : Tomcat initialized with port(s): 8081 (http)
14:15:33:727  INFO 19964 --- [main] o.apache.catalina.core.StandardService   : Starting service [Tomcat]
14:15:33:728  INFO 19964 --- [main] org.apache.catalina.core.StandardEngine  : Starting Servlet engine: [Apache Tomcat/9.0.75]
14:15:33:849  INFO 19964 --- [main] o.a.c.c.C.[Tomcat].[localhost].[/]       : Initializing Spring embedded WebApplicationContext
14:15:33:850  INFO 19964 --- [main] w.s.c.ServletWebServerApplicationContext : Root WebApplicationContext: initialization completed in 1165 ms
14:15:34:779  INFO 19964 --- [main] pertySourcedRequestMappingHandlerMapping : Mapped URL path [/v2/api-docs] onto method [springfox.documentation.swagger2.web.Swagger2ControllerWebMvc#getDocumentation(String, HttpServletRequest)]
14:15:35:238  INFO 19964 --- [main] com.alibaba.nacos.common.remote.client   : [RpcClientFactory] create a new rpc client of c9bac4df-ccbf-4692-8b51-db27d1935460
14:15:35:238  INFO 19964 --- [main] com.alibaba.nacos.common.remote.client   : [c9bac4df-ccbf-4692-8b51-db27d1935460] RpcClient init label, labels = {module=naming, source=sdk}
14:15:35:239  INFO 19964 --- [main] com.alibaba.nacos.common.remote.client   : [c9bac4df-ccbf-4692-8b51-db27d1935460] RpcClient init, ServerListFactory = com.alibaba.nacos.client.naming.core.ServerListManager
14:15:35:240  INFO 19964 --- [main] com.alibaba.nacos.common.remote.client   : [c9bac4df-ccbf-4692-8b51-db27d1935460] Registry connection listener to current client:com.alibaba.nacos.client.naming.remote.gprc.redo.NamingGrpcRedoService
14:15:35:240  INFO 19964 --- [main] com.alibaba.nacos.common.remote.client   : [c9bac4df-ccbf-4692-8b51-db27d1935460] Register server push request handler:com.alibaba.nacos.client.naming.remote.gprc.NamingPushRequestHandler
14:15:35:240  INFO 19964 --- [main] com.alibaba.nacos.common.remote.client   : [c9bac4df-ccbf-4692-8b51-db27d1935460] Try to connect to server on start up, server: {serverIp = '10.6.2.5', server main port = 8848}
14:15:35:360  INFO 19964 --- [main] com.alibaba.nacos.common.remote.client   : [c9bac4df-ccbf-4692-8b51-db27d1935460] Success to connect to server [10.6.2.5:8848] on start up, connectionId = 1711693072939_10.6.1.144_3826
14:15:35:360  INFO 19964 --- [main] com.alibaba.nacos.common.remote.client   : [c9bac4df-ccbf-4692-8b51-db27d1935460] Register server push request handler:com.alibaba.nacos.common.remote.client.RpcClient$ConnectResetRequestHandler
14:15:35:360  INFO 19964 --- [main] com.alibaba.nacos.common.remote.client   : [c9bac4df-ccbf-4692-8b51-db27d1935460] Register server push request handler:com.alibaba.nacos.common.remote.client.RpcClient$$Lambda$473/0x000000080041b040
14:15:35:360  INFO 19964 --- [com.alibaba.nacos.client.remote.worker] com.alibaba.nacos.common.remote.client   : [c9bac4df-ccbf-4692-8b51-db27d1935460] Notify connected event to listeners.
14:15:35:401  INFO 19964 --- [main] o.s.b.w.embedded.tomcat.TomcatWebServer  : Tomcat started on port(s): 8081 (http) with context path ''
14:15:35:409  INFO 19964 --- [main] c.a.c.n.registry.NacosServiceRegistry    : nacos registry, DEFAULT_GROUP item-service 10.6.1.144:8081 register finished
14:15:35:482  INFO 19964 --- [main] d.s.w.p.DocumentationPluginsBootstrapper : Documentation plugins bootstrapped
14:15:35:487  INFO 19964 --- [main] d.s.w.p.DocumentationPluginsBootstrapper : Found 1 custom documentation plugin(s)
14:15:35:523  INFO 19964 --- [main] s.d.s.w.s.ApiListingReferenceScanner     : Scanning for api listing references
14:15:35:636  INFO 19964 --- [main] com.hmall.item.ItemApplication           : Started ItemApplication in 5.069 seconds (JVM running for 5.822)
14:15:35:640  INFO 19964 --- [main] c.a.c.n.refresh.NacosContextRefresher    : [Nacos Config] Listening config: dataId=item-service.yaml, group=DEFAULT_GROUP
14:15:35:641  INFO 19964 --- [main] c.a.c.n.refresh.NacosContextRefresher    : [Nacos Config] Listening config: dataId=item-service-local.yaml, group=DEFAULT_GROUP
14:15:35:641  INFO 19964 --- [main] c.a.c.n.refresh.NacosContextRefresher    : [Nacos Config] Listening config: dataId=item-service, group=DEFAULT_GROUP
14:15:35:956  INFO 19964 --- [nacos-grpc-client-executor-6] com.alibaba.nacos.common.remote.client   : [c9bac4df-ccbf-4692-8b51-db27d1935460] Receive server push request, request = NotifySubscriberRequest, requestId = 96
14:15:35:959  INFO 19964 --- [nacos-grpc-client-executor-6] com.alibaba.nacos.common.remote.client   : [c9bac4df-ccbf-4692-8b51-db27d1935460] Ack server push request, request = NotifySubscriberRequest, requestId = 96
14:15:47:886  INFO 19964 --- [http-nio-8081-exec-1] o.a.c.c.C.[Tomcat].[localhost].[/]       : Initializing Spring DispatcherServlet 'dispatcherServlet'
14:15:47:887  INFO 19964 --- [http-nio-8081-exec-1] o.s.web.servlet.DispatcherServlet        : Initializing Servlet 'dispatcherServlet'
14:15:47:888  INFO 19964 --- [http-nio-8081-exec-1] o.s.web.servlet.DispatcherServlet        : Completed initialization in 1 ms
14:16:12:854  INFO 19964 --- [http-nio-8081-exec-7] com.zaxxer.hikari.HikariDataSource       : HikariPool-1 - Starting...
14:16:12:995  INFO 19964 --- [http-nio-8081-exec-7] com.zaxxer.hikari.HikariDataSource       : HikariPool-1 - Start completed.
14:16:13:001 DEBUG 19964 --- [http-nio-8081-exec-7] c.h.i.mapper.ItemMapper.selectBatchIds   : ==>  Preparing: SELECT id,name,price,stock,image,category,brand,spec,sold,comment_count,isAD,status,create_time,update_time,creater,updater FROM item WHERE id IN ( ? )
14:16:13:023 DEBUG 19964 --- [http-nio-8081-exec-7] c.h.i.mapper.ItemMapper.selectBatchIds   : ==> Parameters: 561178(Long)
14:16:13:044 DEBUG 19964 --- [http-nio-8081-exec-7] c.h.i.mapper.ItemMapper.selectBatchIds   : <==      Total: 1
14:16:39:930 DEBUG 19964 --- [http-nio-8081-exec-9] c.h.i.mapper.ItemMapper.selectBatchIds   : ==>  Preparing: SELECT id,name,price,stock,image,category,brand,spec,sold,comment_count,isAD,status,create_time,update_time,creater,updater FROM item WHERE id IN ( ? )
14:16:39:931 DEBUG 19964 --- [http-nio-8081-exec-9] c.h.i.mapper.ItemMapper.selectBatchIds   : ==> Parameters: 561178(Long)
14:16:39:933 DEBUG 19964 --- [http-nio-8081-exec-9] c.h.i.mapper.ItemMapper.selectBatchIds   : <==      Total: 1
14:16:48:563 DEBUG 19964 --- [http-nio-8081-exec-1] c.h.i.mapper.ItemMapper.selectBatchIds   : ==>  Preparing: SELECT id,name,price,stock,image,category,brand,spec,sold,comment_count,isAD,status,create_time,update_time,creater,updater FROM item WHERE id IN ( ? )
14:16:48:563 DEBUG 19964 --- [http-nio-8081-exec-1] c.h.i.mapper.ItemMapper.selectBatchIds   : ==> Parameters: 561178(Long)
14:16:48:565 DEBUG 19964 --- [http-nio-8081-exec-1] c.h.i.mapper.ItemMapper.selectBatchIds   : <==      Total: 1
14:17:50:756  WARN 19964 --- [Thread-5] c.a.nacos.common.notify.NotifyCenter     : [NotifyCenter] Start destroying Publisher
14:17:50:756  WARN 19964 --- [Thread-1] c.a.n.common.http.HttpClientBeanHolder   : [HttpClientBeanHolder] Start destroying common HttpClient
14:17:50:756  WARN 19964 --- [Thread-5] c.a.nacos.common.notify.NotifyCenter     : [NotifyCenter] Destruction of the end
14:17:50:756  WARN 19964 --- [Thread-1] c.a.n.common.http.HttpClientBeanHolder   : [HttpClientBeanHolder] Destruction of the end
14:17:50:874  INFO 19964 --- [SpringApplicationShutdownHook] c.a.c.n.registry.NacosServiceRegistry    : De-registering from Nacos Server now...
14:17:50:877  INFO 19964 --- [SpringApplicationShutdownHook] c.a.c.n.registry.NacosServiceRegistry    : De-registration finished.
14:17:51:207  INFO 19964 --- [SpringApplicationShutdownHook] com.alibaba.nacos.common.remote.client   : Shutdown rpc client, set status to shutdown
14:17:51:207  INFO 19964 --- [SpringApplicationShutdownHook] com.alibaba.nacos.common.remote.client   : Shutdown client event executor java.util.concurrent.ScheduledThreadPoolExecutor@5630e315[Running, pool size = 2, active threads = 2, queued tasks = 0, completed tasks = 0]
14:17:51:208  INFO 19964 --- [SpringApplicationShutdownHook] com.alibaba.nacos.common.remote.client   : Close current connection 1711693072939_10.6.1.144_3826
14:17:51:209  INFO 19964 --- [nacos-grpc-client-executor-37] c.a.n.c.remote.client.grpc.GrpcClient    : [1711693072939_10.6.1.144_3826]Ignore complete event,isRunning:false,isAbandon=false
14:17:51:212  INFO 19964 --- [SpringApplicationShutdownHook] c.a.n.c.remote.client.grpc.GrpcClient    : Shutdown grpc executor java.util.concurrent.ThreadPoolExecutor@3597d1b9[Running, pool size = 5, active threads = 0, queued tasks = 0, completed tasks = 38]
14:17:51:217  INFO 19964 --- [SpringApplicationShutdownHook] com.zaxxer.hikari.HikariDataSource       : HikariPool-1 - Shutdown initiated...
14:17:51:224  INFO 19964 --- [SpringApplicationShutdownHook] com.zaxxer.hikari.HikariDataSource       : HikariPool-1 - Shutdown completed.
14:17:57:725  INFO 13344 --- [main] com.hmall.item.ItemApplication           : The following 1 profile is active: "local"
14:17:58:433  INFO 13344 --- [main] o.s.cloud.context.scope.GenericScope     : BeanFactory id=2b73037f-cb2c-3448-84f2-56bd68359fb8
14:17:58:673  INFO 13344 --- [main] o.s.b.w.embedded.tomcat.TomcatWebServer  : Tomcat initialized with port(s): 8081 (http)
14:17:58:680  INFO 13344 --- [main] o.apache.catalina.core.StandardService   : Starting service [Tomcat]
14:17:58:681  INFO 13344 --- [main] org.apache.catalina.core.StandardEngine  : Starting Servlet engine: [Apache Tomcat/9.0.75]
14:17:58:818  INFO 13344 --- [main] o.a.c.c.C.[Tomcat].[localhost].[/]       : Initializing Spring embedded WebApplicationContext
14:17:58:818  INFO 13344 --- [main] w.s.c.ServletWebServerApplicationContext : Root WebApplicationContext: initialization completed in 1081 ms
14:17:59:734  INFO 13344 --- [main] pertySourcedRequestMappingHandlerMapping : Mapped URL path [/v2/api-docs] onto method [springfox.documentation.swagger2.web.Swagger2ControllerWebMvc#getDocumentation(String, HttpServletRequest)]
14:18:00:157  INFO 13344 --- [main] com.alibaba.nacos.common.remote.client   : [RpcClientFactory] create a new rpc client of b98eedd7-940b-49eb-bf15-60f0ce2ca1d1
14:18:00:157  INFO 13344 --- [main] com.alibaba.nacos.common.remote.client   : [b98eedd7-940b-49eb-bf15-60f0ce2ca1d1] RpcClient init label, labels = {module=naming, source=sdk}
14:18:00:159  INFO 13344 --- [main] com.alibaba.nacos.common.remote.client   : [b98eedd7-940b-49eb-bf15-60f0ce2ca1d1] RpcClient init, ServerListFactory = com.alibaba.nacos.client.naming.core.ServerListManager
14:18:00:159  INFO 13344 --- [main] com.alibaba.nacos.common.remote.client   : [b98eedd7-940b-49eb-bf15-60f0ce2ca1d1] Registry connection listener to current client:com.alibaba.nacos.client.naming.remote.gprc.redo.NamingGrpcRedoService
14:18:00:159  INFO 13344 --- [main] com.alibaba.nacos.common.remote.client   : [b98eedd7-940b-49eb-bf15-60f0ce2ca1d1] Register server push request handler:com.alibaba.nacos.client.naming.remote.gprc.NamingPushRequestHandler
14:18:00:160  INFO 13344 --- [main] com.alibaba.nacos.common.remote.client   : [b98eedd7-940b-49eb-bf15-60f0ce2ca1d1] Try to connect to server on start up, server: {serverIp = '10.6.2.5', server main port = 8848}
14:18:00:280  INFO 13344 --- [main] com.alibaba.nacos.common.remote.client   : [b98eedd7-940b-49eb-bf15-60f0ce2ca1d1] Success to connect to server [10.6.2.5:8848] on start up, connectionId = 1711693217849_10.6.1.144_3034
14:18:00:280  INFO 13344 --- [main] com.alibaba.nacos.common.remote.client   : [b98eedd7-940b-49eb-bf15-60f0ce2ca1d1] Register server push request handler:com.alibaba.nacos.common.remote.client.RpcClient$ConnectResetRequestHandler
14:18:00:280  INFO 13344 --- [com.alibaba.nacos.client.remote.worker] com.alibaba.nacos.common.remote.client   : [b98eedd7-940b-49eb-bf15-60f0ce2ca1d1] Notify connected event to listeners.
14:18:00:281  INFO 13344 --- [main] com.alibaba.nacos.common.remote.client   : [b98eedd7-940b-49eb-bf15-60f0ce2ca1d1] Register server push request handler:com.alibaba.nacos.common.remote.client.RpcClient$$Lambda$473/0x000000080041b040
14:18:00:321  INFO 13344 --- [main] o.s.b.w.embedded.tomcat.TomcatWebServer  : Tomcat started on port(s): 8081 (http) with context path ''
14:18:00:327  INFO 13344 --- [main] c.a.c.n.registry.NacosServiceRegistry    : nacos registry, DEFAULT_GROUP item-service 10.6.1.144:8081 register finished
14:18:00:406  INFO 13344 --- [main] d.s.w.p.DocumentationPluginsBootstrapper : Documentation plugins bootstrapped
14:18:00:409  INFO 13344 --- [main] d.s.w.p.DocumentationPluginsBootstrapper : Found 1 custom documentation plugin(s)
14:18:00:436  INFO 13344 --- [main] s.d.s.w.s.ApiListingReferenceScanner     : Scanning for api listing references
14:18:00:534  INFO 13344 --- [main] com.hmall.item.ItemApplication           : Started ItemApplication in 4.69 seconds (JVM running for 5.362)
14:18:00:538  INFO 13344 --- [main] c.a.c.n.refresh.NacosContextRefresher    : [Nacos Config] Listening config: dataId=item-service.yaml, group=DEFAULT_GROUP
14:18:00:538  INFO 13344 --- [main] c.a.c.n.refresh.NacosContextRefresher    : [Nacos Config] Listening config: dataId=item-service-local.yaml, group=DEFAULT_GROUP
14:18:00:538  INFO 13344 --- [main] c.a.c.n.refresh.NacosContextRefresher    : [Nacos Config] Listening config: dataId=item-service, group=DEFAULT_GROUP
14:18:00:848  INFO 13344 --- [nacos-grpc-client-executor-6] com.alibaba.nacos.common.remote.client   : [b98eedd7-940b-49eb-bf15-60f0ce2ca1d1] Receive server push request, request = NotifySubscriberRequest, requestId = 100
14:18:00:852  INFO 13344 --- [nacos-grpc-client-executor-6] com.alibaba.nacos.common.remote.client   : [b98eedd7-940b-49eb-bf15-60f0ce2ca1d1] Ack server push request, request = NotifySubscriberRequest, requestId = 100
14:18:01:986  INFO 13344 --- [http-nio-8081-exec-1] o.a.c.c.C.[Tomcat].[localhost].[/]       : Initializing Spring DispatcherServlet 'dispatcherServlet'
14:18:01:986  INFO 13344 --- [http-nio-8081-exec-1] o.s.web.servlet.DispatcherServlet        : Initializing Servlet 'dispatcherServlet'
14:18:01:987  INFO 13344 --- [http-nio-8081-exec-1] o.s.web.servlet.DispatcherServlet        : Completed initialization in 1 ms
14:18:02:009  INFO 13344 --- [http-nio-8081-exec-1] c.hmall.item.controller.ItemController   : Everything is object
14:18:02:039  INFO 13344 --- [http-nio-8081-exec-1] com.zaxxer.hikari.HikariDataSource       : HikariPool-1 - Starting...
14:18:02:136  INFO 13344 --- [http-nio-8081-exec-1] com.zaxxer.hikari.HikariDataSource       : HikariPool-1 - Start completed.
14:18:02:141 DEBUG 13344 --- [http-nio-8081-exec-1] c.h.i.mapper.ItemMapper.selectBatchIds   : ==>  Preparing: SELECT id,name,price,stock,image,category,brand,spec,sold,comment_count,isAD,status,create_time,update_time,creater,updater FROM item WHERE id IN ( ? )
14:18:02:158 DEBUG 13344 --- [http-nio-8081-exec-1] c.h.i.mapper.ItemMapper.selectBatchIds   : ==> Parameters: 561178(Long)
14:18:02:176 DEBUG 13344 --- [http-nio-8081-exec-1] c.h.i.mapper.ItemMapper.selectBatchIds   : <==      Total: 1
14:18:41:039  INFO 13344 --- [http-nio-8081-exec-2] c.hmall.item.controller.ItemController   : Everything is object - ??
14:18:41:040 DEBUG 13344 --- [http-nio-8081-exec-2] c.h.i.mapper.ItemMapper.selectBatchIds   : ==>  Preparing: SELECT id,name,price,stock,image,category,brand,spec,sold,comment_count,isAD,status,create_time,update_time,creater,updater FROM item WHERE id IN ( ? )
14:18:41:041 DEBUG 13344 --- [http-nio-8081-exec-2] c.h.i.mapper.ItemMapper.selectBatchIds   : ==> Parameters: 561178(Long)
14:18:41:043 DEBUG 13344 --- [http-nio-8081-exec-2] c.h.i.mapper.ItemMapper.selectBatchIds   : <==      Total: 1
14:19:51:650  INFO 13344 --- [http-nio-8081-exec-5] c.hmall.item.controller.ItemController   : Everything is object -------------------------?
14:19:51:652 DEBUG 13344 --- [http-nio-8081-exec-5] c.h.i.mapper.ItemMapper.selectBatchIds   : ==>  Preparing: SELECT id,name,price,stock,image,category,brand,spec,sold,comment_count,isAD,status,create_time,update_time,creater,updater FROM item WHERE id IN ( ? )
14:19:51:652 DEBUG 13344 --- [http-nio-8081-exec-5] c.h.i.mapper.ItemMapper.selectBatchIds   : ==> Parameters: 561178(Long)
14:19:51:654 DEBUG 13344 --- [http-nio-8081-exec-5] c.h.i.mapper.ItemMapper.selectBatchIds   : <==      Total: 1
14:22:13:930  INFO 13344 --- [http-nio-8081-exec-7] c.hmall.item.controller.ItemController   : In Java
14:22:13:932 DEBUG 13344 --- [http-nio-8081-exec-7] c.h.i.mapper.ItemMapper.selectBatchIds   : ==>  Preparing: SELECT id,name,price,stock,image,category,brand,spec,sold,comment_count,isAD,status,create_time,update_time,creater,updater FROM item WHERE id IN ( ? )
14:22:13:932 DEBUG 13344 --- [http-nio-8081-exec-7] c.h.i.mapper.ItemMapper.selectBatchIds   : ==> Parameters: 561178(Long)
14:22:13:934 DEBUG 13344 --- [http-nio-8081-exec-7] c.h.i.mapper.ItemMapper.selectBatchIds   : <==      Total: 1
14:22:15:013  INFO 13344 --- [http-nio-8081-exec-8] c.hmall.item.controller.ItemController   : In Java
14:22:15:014 DEBUG 13344 --- [http-nio-8081-exec-8] c.h.i.mapper.ItemMapper.selectBatchIds   : ==>  Preparing: SELECT id,name,price,stock,image,category,brand,spec,sold,comment_count,isAD,status,create_time,update_time,creater,updater FROM item WHERE id IN ( ? )
14:22:15:014 DEBUG 13344 --- [http-nio-8081-exec-8] c.h.i.mapper.ItemMapper.selectBatchIds   : ==> Parameters: 561178(Long)
14:22:15:016 DEBUG 13344 --- [http-nio-8081-exec-8] c.h.i.mapper.ItemMapper.selectBatchIds   : <==      Total: 1
14:22:24:689  INFO 13344 --- [http-nio-8081-exec-9] c.hmall.item.controller.ItemController   : In Java
14:22:24:695 DEBUG 13344 --- [http-nio-8081-exec-9] c.h.i.mapper.ItemMapper.selectBatchIds   : ==>  Preparing: SELECT id,name,price,stock,image,category,brand,spec,sold,comment_count,isAD,status,create_time,update_time,creater,updater FROM item WHERE id IN ( ? )
14:22:24:695 DEBUG 13344 --- [http-nio-8081-exec-9] c.h.i.mapper.ItemMapper.selectBatchIds   : ==> Parameters: 561178(Long)
14:22:24:698 DEBUG 13344 --- [http-nio-8081-exec-9] c.h.i.mapper.ItemMapper.selectBatchIds   : <==      Total: 1
14:22:55:083  INFO 13344 --- [http-nio-8081-exec-1] c.hmall.item.controller.ItemController   : 'In Java
14:22:55:084 DEBUG 13344 --- [http-nio-8081-exec-1] c.h.i.mapper.ItemMapper.selectBatchIds   : ==>  Preparing: SELECT id,name,price,stock,image,category,brand,spec,sold,comment_count,isAD,status,create_time,update_time,creater,updater FROM item WHERE id IN ( ? )
14:22:55:084 DEBUG 13344 --- [http-nio-8081-exec-1] c.h.i.mapper.ItemMapper.selectBatchIds   : ==> Parameters: 561178(Long)
14:22:55:086 DEBUG 13344 --- [http-nio-8081-exec-1] c.h.i.mapper.ItemMapper.selectBatchIds   : <==      Total: 1
19:37:35:168  INFO 13344 --- [http-nio-8081-exec-2] c.hmall.item.controller.ItemController   : Everything is object -------------------------!!!
19:37:35:214 DEBUG 13344 --- [http-nio-8081-exec-2] c.h.i.mapper.ItemMapper.selectBatchIds   : ==>  Preparing: SELECT id,name,price,stock,image,category,brand,spec,sold,comment_count,isAD,status,create_time,update_time,creater,updater FROM item WHERE id IN ( ? , ? )
19:37:35:219 DEBUG 13344 --- [http-nio-8081-exec-2] c.h.i.mapper.ItemMapper.selectBatchIds   : ==> Parameters: 317578(Long), 577967(Long)
19:37:35:253 DEBUG 13344 --- [http-nio-8081-exec-2] c.h.i.mapper.ItemMapper.selectBatchIds   : <==      Total: 2
19:37:52:682  INFO 13344 --- [http-nio-8081-exec-4] c.hmall.item.controller.ItemController   : Everything is object -------------------------!!!
19:37:52:685 DEBUG 13344 --- [http-nio-8081-exec-4] c.h.i.mapper.ItemMapper.selectBatchIds   : ==>  Preparing: SELECT id,name,price,stock,image,category,brand,spec,sold,comment_count,isAD,status,create_time,update_time,creater,updater FROM item WHERE id IN ( ? , ? )
19:37:52:685 DEBUG 13344 --- [http-nio-8081-exec-4] c.h.i.mapper.ItemMapper.selectBatchIds   : ==> Parameters: 317578(Long), 577967(Long)
19:37:52:687 DEBUG 13344 --- [http-nio-8081-exec-4] c.h.i.mapper.ItemMapper.selectBatchIds   : <==      Total: 2
19:42:49:024  INFO 13344 --- [http-nio-8081-exec-6] c.hmall.item.controller.ItemController   : Everything is object -------------------------!!!
19:42:49:027 DEBUG 13344 --- [http-nio-8081-exec-6] c.h.i.mapper.ItemMapper.selectBatchIds   : ==>  Preparing: SELECT id,name,price,stock,image,category,brand,spec,sold,comment_count,isAD,status,create_time,update_time,creater,updater FROM item WHERE id IN ( ? , ? )
19:42:49:028 DEBUG 13344 --- [http-nio-8081-exec-6] c.h.i.mapper.ItemMapper.selectBatchIds   : ==> Parameters: 317578(Long), 577967(Long)
19:42:49:030 DEBUG 13344 --- [http-nio-8081-exec-6] c.h.i.mapper.ItemMapper.selectBatchIds   : <==      Total: 2
20:26:11:208  WARN 13344 --- [Thread-1] c.a.n.common.http.HttpClientBeanHolder   : [HttpClientBeanHolder] Start destroying common HttpClient
20:26:11:207  WARN 13344 --- [Thread-5] c.a.nacos.common.notify.NotifyCenter     : [NotifyCenter] Start destroying Publisher
20:26:11:215  WARN 13344 --- [Thread-5] c.a.nacos.common.notify.NotifyCenter     : [NotifyCenter] Destruction of the end
20:26:11:223  WARN 13344 --- [Thread-1] c.a.n.common.http.HttpClientBeanHolder   : [HttpClientBeanHolder] Destruction of the end
20:26:11:488  INFO 13344 --- [SpringApplicationShutdownHook] c.a.c.n.registry.NacosServiceRegistry    : De-registering from Nacos Server now...
20:26:11:495  INFO 13344 --- [SpringApplicationShutdownHook] c.a.c.n.registry.NacosServiceRegistry    : De-registration finished.
20:26:11:824  INFO 13344 --- [SpringApplicationShutdownHook] com.alibaba.nacos.common.remote.client   : Shutdown rpc client, set status to shutdown
20:26:11:824  INFO 13344 --- [SpringApplicationShutdownHook] com.alibaba.nacos.common.remote.client   : Shutdown client event executor java.util.concurrent.ScheduledThreadPoolExecutor@769c4991[Running, pool size = 2, active threads = 2, queued tasks = 0, completed tasks = 0]
20:26:11:826  INFO 13344 --- [SpringApplicationShutdownHook] com.alibaba.nacos.common.remote.client   : Close current connection 1711693217849_10.6.1.144_3034
20:26:11:832  INFO 13344 --- [nacos-grpc-client-executor-4448] c.a.n.c.remote.client.grpc.GrpcClient    : [1711693217849_10.6.1.144_3034]Ignore complete event,isRunning:false,isAbandon=false
20:26:11:849  INFO 13344 --- [SpringApplicationShutdownHook] c.a.n.c.remote.client.grpc.GrpcClient    : Shutdown grpc executor java.util.concurrent.ThreadPoolExecutor@26524556[Running, pool size = 5, active threads = 0, queued tasks = 0, completed tasks = 4449]
20:26:11:870  INFO 13344 --- [SpringApplicationShutdownHook] com.zaxxer.hikari.HikariDataSource       : HikariPool-1 - Shutdown initiated...
20:26:11:888  INFO 13344 --- [SpringApplicationShutdownHook] com.zaxxer.hikari.HikariDataSource       : HikariPool-1 - Shutdown completed.
20:28:03:056  INFO 3536 --- [main] com.hmall.item.ItemApplication           : The following 1 profile is active: "local"
20:28:03:854  INFO 3536 --- [main] o.s.cloud.context.scope.GenericScope     : BeanFactory id=27ecb4f4-c311-376b-b1f7-88ef2ba4726e
20:28:04:134  INFO 3536 --- [main] o.s.b.w.embedded.tomcat.TomcatWebServer  : Tomcat initialized with port(s): 8081 (http)
20:28:04:142  INFO 3536 --- [main] o.apache.catalina.core.StandardService   : Starting service [Tomcat]
20:28:04:143  INFO 3536 --- [main] org.apache.catalina.core.StandardEngine  : Starting Servlet engine: [Apache Tomcat/9.0.75]
20:28:04:260  INFO 3536 --- [main] o.a.c.c.C.[Tomcat].[localhost].[/]       : Initializing Spring embedded WebApplicationContext
20:28:04:260  INFO 3536 --- [main] w.s.c.ServletWebServerApplicationContext : Root WebApplicationContext: initialization completed in 1193 ms
20:28:05:292  INFO 3536 --- [main] pertySourcedRequestMappingHandlerMapping : Mapped URL path [/v2/api-docs] onto method [springfox.documentation.swagger2.web.Swagger2ControllerWebMvc#getDocumentation(String, HttpServletRequest)]
20:28:05:708  INFO 3536 --- [main] com.alibaba.nacos.common.remote.client   : [RpcClientFactory] create a new rpc client of 562ab202-b4ab-4464-b971-8391aa3c0551
20:28:05:709  INFO 3536 --- [main] com.alibaba.nacos.common.remote.client   : [562ab202-b4ab-4464-b971-8391aa3c0551] RpcClient init label, labels = {module=naming, source=sdk}
20:28:05:710  INFO 3536 --- [main] com.alibaba.nacos.common.remote.client   : [562ab202-b4ab-4464-b971-8391aa3c0551] RpcClient init, ServerListFactory = com.alibaba.nacos.client.naming.core.ServerListManager
20:28:05:710  INFO 3536 --- [main] com.alibaba.nacos.common.remote.client   : [562ab202-b4ab-4464-b971-8391aa3c0551] Registry connection listener to current client:com.alibaba.nacos.client.naming.remote.gprc.redo.NamingGrpcRedoService
20:28:05:710  INFO 3536 --- [main] com.alibaba.nacos.common.remote.client   : [562ab202-b4ab-4464-b971-8391aa3c0551] Register server push request handler:com.alibaba.nacos.client.naming.remote.gprc.NamingPushRequestHandler
20:28:05:710  INFO 3536 --- [main] com.alibaba.nacos.common.remote.client   : [562ab202-b4ab-4464-b971-8391aa3c0551] Try to connect to server on start up, server: {serverIp = '10.6.2.5', server main port = 8848}
20:28:05:838  INFO 3536 --- [main] com.alibaba.nacos.common.remote.client   : [562ab202-b4ab-4464-b971-8391aa3c0551] Success to connect to server [10.6.2.5:8848] on start up, connectionId = 1711715421522_10.6.1.144_13011
20:28:05:838  INFO 3536 --- [main] com.alibaba.nacos.common.remote.client   : [562ab202-b4ab-4464-b971-8391aa3c0551] Register server push request handler:com.alibaba.nacos.common.remote.client.RpcClient$ConnectResetRequestHandler
20:28:05:838  INFO 3536 --- [com.alibaba.nacos.client.remote.worker] com.alibaba.nacos.common.remote.client   : [562ab202-b4ab-4464-b971-8391aa3c0551] Notify connected event to listeners.
20:28:05:838  INFO 3536 --- [main] com.alibaba.nacos.common.remote.client   : [562ab202-b4ab-4464-b971-8391aa3c0551] Register server push request handler:com.alibaba.nacos.common.remote.client.RpcClient$$Lambda$473/0x000000080041b040
20:28:05:876  INFO 3536 --- [main] o.s.b.w.embedded.tomcat.TomcatWebServer  : Tomcat started on port(s): 8081 (http) with context path ''
20:28:05:883  INFO 3536 --- [main] c.a.c.n.registry.NacosServiceRegistry    : nacos registry, DEFAULT_GROUP item-service 10.6.1.144:8081 register finished
20:28:05:957  INFO 3536 --- [main] d.s.w.p.DocumentationPluginsBootstrapper : Documentation plugins bootstrapped
20:28:05:960  INFO 3536 --- [main] d.s.w.p.DocumentationPluginsBootstrapper : Found 1 custom documentation plugin(s)
20:28:05:995  INFO 3536 --- [main] s.d.s.w.s.ApiListingReferenceScanner     : Scanning for api listing references
20:28:06:107  INFO 3536 --- [main] com.hmall.item.ItemApplication           : Started ItemApplication in 4.842 seconds (JVM running for 6.188)
20:28:06:112  INFO 3536 --- [main] c.a.c.n.refresh.NacosContextRefresher    : [Nacos Config] Listening config: dataId=item-service.yaml, group=DEFAULT_GROUP
20:28:06:112  INFO 3536 --- [main] c.a.c.n.refresh.NacosContextRefresher    : [Nacos Config] Listening config: dataId=item-service-local.yaml, group=DEFAULT_GROUP
20:28:06:112  INFO 3536 --- [main] c.a.c.n.refresh.NacosContextRefresher    : [Nacos Config] Listening config: dataId=item-service, group=DEFAULT_GROUP
20:28:06:376  INFO 3536 --- [nacos-grpc-client-executor-6] com.alibaba.nacos.common.remote.client   : [562ab202-b4ab-4464-b971-8391aa3c0551] Receive server push request, request = NotifySubscriberRequest, requestId = 129
20:28:06:379  INFO 3536 --- [nacos-grpc-client-executor-6] com.alibaba.nacos.common.remote.client   : [562ab202-b4ab-4464-b971-8391aa3c0551] Ack server push request, request = NotifySubscriberRequest, requestId = 129
20:28:15:972  WARN 3536 --- [Thread-1] c.a.n.common.http.HttpClientBeanHolder   : [HttpClientBeanHolder] Start destroying common HttpClient
20:28:15:972  WARN 3536 --- [Thread-5] c.a.nacos.common.notify.NotifyCenter     : [NotifyCenter] Start destroying Publisher
20:28:15:972  WARN 3536 --- [Thread-5] c.a.nacos.common.notify.NotifyCenter     : [NotifyCenter] Destruction of the end
20:28:15:973  WARN 3536 --- [Thread-1] c.a.n.common.http.HttpClientBeanHolder   : [HttpClientBeanHolder] Destruction of the end
20:28:16:051  INFO 3536 --- [SpringApplicationShutdownHook] c.a.c.n.registry.NacosServiceRegistry    : De-registering from Nacos Server now...
20:28:16:055  INFO 3536 --- [SpringApplicationShutdownHook] c.a.c.n.registry.NacosServiceRegistry    : De-registration finished.
20:28:16:381  INFO 3536 --- [SpringApplicationShutdownHook] com.alibaba.nacos.common.remote.client   : Shutdown rpc client, set status to shutdown
20:28:16:381  INFO 3536 --- [SpringApplicationShutdownHook] com.alibaba.nacos.common.remote.client   : Shutdown client event executor java.util.concurrent.ScheduledThreadPoolExecutor@5cac78fa[Running, pool size = 2, active threads = 2, queued tasks = 0, completed tasks = 0]
20:28:16:381  INFO 3536 --- [SpringApplicationShutdownHook] com.alibaba.nacos.common.remote.client   : Close current connection 1711715421522_10.6.1.144_13011
20:28:16:384  INFO 3536 --- [SpringApplicationShutdownHook] c.a.n.c.remote.client.grpc.GrpcClient    : Shutdown grpc executor java.util.concurrent.ThreadPoolExecutor@31da249f[Running, pool size = 5, active threads = 0, queued tasks = 0, completed tasks = 11]
20:28:32:648  INFO 23792 --- [main] com.hmall.item.ItemApplication           : The following 1 profile is active: "local"
20:28:33:367  INFO 23792 --- [main] o.s.cloud.context.scope.GenericScope     : BeanFactory id=27ecb4f4-c311-376b-b1f7-88ef2ba4726e
20:28:33:621  INFO 23792 --- [main] o.s.b.w.embedded.tomcat.TomcatWebServer  : Tomcat initialized with port(s): 8081 (http)
20:28:33:629  INFO 23792 --- [main] o.apache.catalina.core.StandardService   : Starting service [Tomcat]
20:28:33:629  INFO 23792 --- [main] org.apache.catalina.core.StandardEngine  : Starting Servlet engine: [Apache Tomcat/9.0.75]
20:28:33:752  INFO 23792 --- [main] o.a.c.c.C.[Tomcat].[localhost].[/]       : Initializing Spring embedded WebApplicationContext
20:28:33:753  INFO 23792 --- [main] w.s.c.ServletWebServerApplicationContext : Root WebApplicationContext: initialization completed in 1091 ms
20:28:34:652  INFO 23792 --- [main] pertySourcedRequestMappingHandlerMapping : Mapped URL path [/v2/api-docs] onto method [springfox.documentation.swagger2.web.Swagger2ControllerWebMvc#getDocumentation(String, HttpServletRequest)]
20:28:35:040  INFO 23792 --- [main] com.alibaba.nacos.common.remote.client   : [RpcClientFactory] create a new rpc client of c4626bed-3c85-49cc-987e-b91b73896679
20:28:35:040  INFO 23792 --- [main] com.alibaba.nacos.common.remote.client   : [c4626bed-3c85-49cc-987e-b91b73896679] RpcClient init label, labels = {module=naming, source=sdk}
20:28:35:041  INFO 23792 --- [main] com.alibaba.nacos.common.remote.client   : [c4626bed-3c85-49cc-987e-b91b73896679] RpcClient init, ServerListFactory = com.alibaba.nacos.client.naming.core.ServerListManager
20:28:35:041  INFO 23792 --- [main] com.alibaba.nacos.common.remote.client   : [c4626bed-3c85-49cc-987e-b91b73896679] Registry connection listener to current client:com.alibaba.nacos.client.naming.remote.gprc.redo.NamingGrpcRedoService
20:28:35:042  INFO 23792 --- [main] com.alibaba.nacos.common.remote.client   : [c4626bed-3c85-49cc-987e-b91b73896679] Register server push request handler:com.alibaba.nacos.client.naming.remote.gprc.NamingPushRequestHandler
20:28:35:042  INFO 23792 --- [main] com.alibaba.nacos.common.remote.client   : [c4626bed-3c85-49cc-987e-b91b73896679] Try to connect to server on start up, server: {serverIp = '10.6.2.5', server main port = 8848}
20:28:35:159  INFO 23792 --- [main] com.alibaba.nacos.common.remote.client   : [c4626bed-3c85-49cc-987e-b91b73896679] Success to connect to server [10.6.2.5:8848] on start up, connectionId = 1711715450851_10.6.1.144_13112
20:28:35:159  INFO 23792 --- [main] com.alibaba.nacos.common.remote.client   : [c4626bed-3c85-49cc-987e-b91b73896679] Register server push request handler:com.alibaba.nacos.common.remote.client.RpcClient$ConnectResetRequestHandler
20:28:35:159  INFO 23792 --- [main] com.alibaba.nacos.common.remote.client   : [c4626bed-3c85-49cc-987e-b91b73896679] Register server push request handler:com.alibaba.nacos.common.remote.client.RpcClient$$Lambda$473/0x000000080041b040
20:28:35:159  INFO 23792 --- [com.alibaba.nacos.client.remote.worker] com.alibaba.nacos.common.remote.client   : [c4626bed-3c85-49cc-987e-b91b73896679] Notify connected event to listeners.
20:28:35:197  INFO 23792 --- [main] o.s.b.w.embedded.tomcat.TomcatWebServer  : Tomcat started on port(s): 8081 (http) with context path ''
20:28:35:204  INFO 23792 --- [main] c.a.c.n.registry.NacosServiceRegistry    : nacos registry, DEFAULT_GROUP item-service 10.6.1.144:8081 register finished
20:28:35:274  INFO 23792 --- [main] d.s.w.p.DocumentationPluginsBootstrapper : Documentation plugins bootstrapped
20:28:35:278  INFO 23792 --- [main] d.s.w.p.DocumentationPluginsBootstrapper : Found 1 custom documentation plugin(s)
20:28:35:307  INFO 23792 --- [main] s.d.s.w.s.ApiListingReferenceScanner     : Scanning for api listing references
20:28:35:413  INFO 23792 --- [main] com.hmall.item.ItemApplication           : Started ItemApplication in 4.604 seconds (JVM running for 5.426)
20:28:35:417  INFO 23792 --- [main] c.a.c.n.refresh.NacosContextRefresher    : [Nacos Config] Listening config: dataId=item-service.yaml, group=DEFAULT_GROUP
20:28:35:418  INFO 23792 --- [main] c.a.c.n.refresh.NacosContextRefresher    : [Nacos Config] Listening config: dataId=item-service-local.yaml, group=DEFAULT_GROUP
20:28:35:418  INFO 23792 --- [main] c.a.c.n.refresh.NacosContextRefresher    : [Nacos Config] Listening config: dataId=item-service, group=DEFAULT_GROUP
20:29:56:112  INFO 23792 --- [com.alibaba.nacos.client.remote.worker] com.alibaba.nacos.common.remote.client   : [d476186d-807d-49d9-9b7b-7a45e9547444_config-0] Server healthy check fail, currentConnection = 1711715448175_10.6.1.144_13108
20:29:56:112  INFO 23792 --- [com.alibaba.nacos.client.remote.worker] com.alibaba.nacos.common.remote.client   : [c4626bed-3c85-49cc-987e-b91b73896679] Server healthy check fail, currentConnection = 1711715450851_10.6.1.144_13112
20:29:56:113 ERROR 23792 --- [com.alibaba.nacos.client.Worker] com.alibaba.nacos.common.remote.client   : Send request fail, request = ConfigBatchListenRequest{headers={}, requestId='null'}, retryTimes = 0, errorMessage = java.util.concurrent.ExecutionException: com.alibaba.nacos.shaded.io.grpc.StatusRuntimeException: UNAVAILABLE: HTTP/2 error code: NO_ERROR
Received Goaway
app_requested
20:29:56:116  INFO 23792 --- [com.alibaba.nacos.client.remote.worker] com.alibaba.nacos.common.remote.client   : [c4626bed-3c85-49cc-987e-b91b73896679] Try to reconnect to a new server, server is  not appointed, will choose a random server.
20:29:56:116  INFO 23792 --- [com.alibaba.nacos.client.remote.worker] com.alibaba.nacos.common.remote.client   : [d476186d-807d-49d9-9b7b-7a45e9547444_config-0] Try to reconnect to a new server, server is  not appointed, will choose a random server.
20:29:56:159  INFO 23792 --- [nacos-grpc-client-executor-13] com.alibaba.nacos.common.remote.client   : [d476186d-807d-49d9-9b7b-7a45e9547444_config-0] Receive server push request, request = ClientDetectionRequest, requestId = 134
20:29:56:159  INFO 23792 --- [nacos-grpc-client-executor-13] com.alibaba.nacos.common.remote.client   : [d476186d-807d-49d9-9b7b-7a45e9547444_config-0] Ack server push request, request = ClientDetectionRequest, requestId = 134
20:29:56:181  INFO 23792 --- [nacos-grpc-client-executor-6] com.alibaba.nacos.common.remote.client   : [c4626bed-3c85-49cc-987e-b91b73896679] Receive server push request, request = NotifySubscriberRequest, requestId = 130
20:29:56:182  INFO 23792 --- [nacos-grpc-client-executor-13] c.a.n.c.remote.client.grpc.GrpcClient    : [1711715448175_10.6.1.144_13108]Ignore complete event,isRunning:false,isAbandon=false
20:29:56:191  INFO 23792 --- [nacos-grpc-client-executor-6] com.alibaba.nacos.common.remote.client   : [c4626bed-3c85-49cc-987e-b91b73896679] Ack server push request, request = NotifySubscriberRequest, requestId = 130
20:29:56:205  INFO 23792 --- [nacos-grpc-client-executor-14] com.alibaba.nacos.common.remote.client   : [c4626bed-3c85-49cc-987e-b91b73896679] Receive server push request, request = NotifySubscriberRequest, requestId = 131
20:29:56:205  INFO 23792 --- [nacos-grpc-client-executor-14] com.alibaba.nacos.common.remote.client   : [c4626bed-3c85-49cc-987e-b91b73896679] Ack server push request, request = NotifySubscriberRequest, requestId = 131
20:29:56:213  INFO 23792 --- [nacos-grpc-client-executor-15] com.alibaba.nacos.common.remote.client   : [c4626bed-3c85-49cc-987e-b91b73896679] Receive server push request, request = NotifySubscriberRequest, requestId = 132
20:29:56:214  INFO 23792 --- [nacos-grpc-client-executor-15] com.alibaba.nacos.common.remote.client   : [c4626bed-3c85-49cc-987e-b91b73896679] Ack server push request, request = NotifySubscriberRequest, requestId = 132
20:29:56:216 ERROR 23792 --- [com.alibaba.nacos.client.Worker] com.alibaba.nacos.common.remote.client   : Send request fail, request = ConfigBatchListenRequest{headers={}, requestId='null'}, retryTimes = 1, errorMessage = Client not connected, current status:UNHEALTHY
20:29:56:225  INFO 23792 --- [nacos-grpc-client-executor-16] com.alibaba.nacos.common.remote.client   : [c4626bed-3c85-49cc-987e-b91b73896679] Receive server push request, request = NotifySubscriberRequest, requestId = 133
20:29:56:226  INFO 23792 --- [nacos-grpc-client-executor-16] com.alibaba.nacos.common.remote.client   : [c4626bed-3c85-49cc-987e-b91b73896679] Ack server push request, request = NotifySubscriberRequest, requestId = 133
20:29:56:235  INFO 23792 --- [nacos-grpc-client-executor-17] com.alibaba.nacos.common.remote.client   : [c4626bed-3c85-49cc-987e-b91b73896679] Receive server push request, request = NotifySubscriberRequest, requestId = 135
20:29:56:236  INFO 23792 --- [nacos-grpc-client-executor-17] com.alibaba.nacos.common.remote.client   : [c4626bed-3c85-49cc-987e-b91b73896679] Ack server push request, request = NotifySubscriberRequest, requestId = 135
20:29:56:242  INFO 23792 --- [nacos-grpc-client-executor-18] com.alibaba.nacos.common.remote.client   : [c4626bed-3c85-49cc-987e-b91b73896679] Receive server push request, request = ClientDetectionRequest, requestId = 136
20:29:56:242  INFO 23792 --- [nacos-grpc-client-executor-18] com.alibaba.nacos.common.remote.client   : [c4626bed-3c85-49cc-987e-b91b73896679] Ack server push request, request = ClientDetectionRequest, requestId = 136
20:29:56:252  INFO 23792 --- [nacos-grpc-client-executor-19] com.alibaba.nacos.common.remote.client   : [c4626bed-3c85-49cc-987e-b91b73896679] Receive server push request, request = NotifySubscriberRequest, requestId = 137
20:29:56:252  INFO 23792 --- [nacos-grpc-client-executor-19] com.alibaba.nacos.common.remote.client   : [c4626bed-3c85-49cc-987e-b91b73896679] Ack server push request, request = NotifySubscriberRequest, requestId = 137
20:29:56:258  INFO 23792 --- [nacos-grpc-client-executor-19] c.a.n.c.remote.client.grpc.GrpcClient    : [1711715450851_10.6.1.144_13112]Ignore complete event,isRunning:false,isAbandon=false
20:29:56:280 ERROR 23792 --- [com.alibaba.nacos.client.naming.updater.0] com.alibaba.nacos.common.remote.client   : Send request fail, request = ServiceQueryRequest{headers={}, requestId='null'}, retryTimes = 0, errorMessage = Connection is unregistered.
20:29:56:296  INFO 23792 --- [com.alibaba.nacos.client.remote.worker] com.alibaba.nacos.common.remote.client   : [d476186d-807d-49d9-9b7b-7a45e9547444_config-0] Success to connect a server [10.6.2.5:8848], connectionId = 1711715531943_10.6.1.144_10063
20:29:56:296  INFO 23792 --- [com.alibaba.nacos.client.remote.worker] com.alibaba.nacos.common.remote.client   : [c4626bed-3c85-49cc-987e-b91b73896679] Success to connect a server [10.6.2.5:8848], connectionId = 1711715531947_10.6.1.144_10062
20:29:56:296  INFO 23792 --- [com.alibaba.nacos.client.remote.worker] com.alibaba.nacos.common.remote.client   : [d476186d-807d-49d9-9b7b-7a45e9547444_config-0] Abandon prev connection, server is 10.6.2.5:8848, connectionId is 1711715448175_10.6.1.144_13108
20:29:56:296  INFO 23792 --- [com.alibaba.nacos.client.remote.worker] com.alibaba.nacos.common.remote.client   : [c4626bed-3c85-49cc-987e-b91b73896679] Abandon prev connection, server is 10.6.2.5:8848, connectionId is 1711715450851_10.6.1.144_13112
20:29:56:296  INFO 23792 --- [com.alibaba.nacos.client.remote.worker] com.alibaba.nacos.common.remote.client   : Close current connection 1711715448175_10.6.1.144_13108
20:29:56:296  INFO 23792 --- [com.alibaba.nacos.client.remote.worker] com.alibaba.nacos.common.remote.client   : Close current connection 1711715450851_10.6.1.144_13112
20:29:56:299  INFO 23792 --- [com.alibaba.nacos.client.remote.worker] com.alibaba.nacos.common.remote.client   : [d476186d-807d-49d9-9b7b-7a45e9547444_config-0] Notify disconnected event to listeners
20:29:56:299  INFO 23792 --- [com.alibaba.nacos.client.remote.worker] com.alibaba.nacos.common.remote.client   : [c4626bed-3c85-49cc-987e-b91b73896679] Notify disconnected event to listeners
20:29:56:300  INFO 23792 --- [com.alibaba.nacos.client.remote.worker] com.alibaba.nacos.common.remote.client   : [d476186d-807d-49d9-9b7b-7a45e9547444_config-0] Notify connected event to listeners.
20:29:56:300  INFO 23792 --- [com.alibaba.nacos.client.remote.worker] com.alibaba.nacos.common.remote.client   : [c4626bed-3c85-49cc-987e-b91b73896679] Notify connected event to listeners.
20:29:56:328 ERROR 23792 --- [com.alibaba.nacos.client.Worker] com.alibaba.nacos.common.remote.client   : Send request fail, request = ConfigBatchListenRequest{headers={}, requestId='null'}, retryTimes = 2, errorMessage = Client not connected, current status:UNHEALTHY
20:29:56:332  INFO 23792 --- [com.alibaba.nacos.client.remote.worker] com.alibaba.nacos.common.remote.client   : [d476186d-807d-49d9-9b7b-7a45e9547444_config-0] Server check success, currentServer is 10.6.2.5:8848 
20:29:56:390 ERROR 23792 --- [com.alibaba.nacos.client.naming.updater.0] com.alibaba.nacos.common.remote.client   : Send request fail, request = ServiceQueryRequest{headers={}, requestId='null'}, retryTimes = 1, errorMessage = Client not connected, current status:UNHEALTHY
20:29:59:609  INFO 23792 --- [nacos-grpc-client-executor-24] com.alibaba.nacos.common.remote.client   : [c4626bed-3c85-49cc-987e-b91b73896679] Receive server push request, request = NotifySubscriberRequest, requestId = 138
20:29:59:610  INFO 23792 --- [nacos-grpc-client-executor-24] com.alibaba.nacos.common.remote.client   : [c4626bed-3c85-49cc-987e-b91b73896679] Ack server push request, request = NotifySubscriberRequest, requestId = 138
20:30:39:549  WARN 23792 --- [Thread-5] c.a.nacos.common.notify.NotifyCenter     : [NotifyCenter] Start destroying Publisher
20:30:39:549  WARN 23792 --- [Thread-1] c.a.n.common.http.HttpClientBeanHolder   : [HttpClientBeanHolder] Start destroying common HttpClient
20:30:39:550  WARN 23792 --- [Thread-5] c.a.nacos.common.notify.NotifyCenter     : [NotifyCenter] Destruction of the end
20:30:39:550  WARN 23792 --- [Thread-1] c.a.n.common.http.HttpClientBeanHolder   : [HttpClientBeanHolder] Destruction of the end
20:30:39:640  INFO 23792 --- [SpringApplicationShutdownHook] c.a.c.n.registry.NacosServiceRegistry    : De-registering from Nacos Server now...
20:30:39:644  INFO 23792 --- [SpringApplicationShutdownHook] c.a.c.n.registry.NacosServiceRegistry    : De-registration finished.
20:30:39:970  INFO 23792 --- [SpringApplicationShutdownHook] com.alibaba.nacos.common.remote.client   : Shutdown rpc client, set status to shutdown
20:30:39:970  INFO 23792 --- [SpringApplicationShutdownHook] com.alibaba.nacos.common.remote.client   : Shutdown client event executor java.util.concurrent.ScheduledThreadPoolExecutor@532fe8c1[Running, pool size = 2, active threads = 2, queued tasks = 0, completed tasks = 0]
20:30:39:970  INFO 23792 --- [SpringApplicationShutdownHook] com.alibaba.nacos.common.remote.client   : Close current connection 1711715531947_10.6.1.144_10062
20:30:39:971  INFO 23792 --- [SpringApplicationShutdownHook] c.a.n.c.remote.client.grpc.GrpcClient    : Shutdown grpc executor java.util.concurrent.ThreadPoolExecutor@2e472b11[Running, pool size = 4, active threads = 0, queued tasks = 0, completed tasks = 34]
20:30:45:584  INFO 20500 --- [main] com.hmall.item.ItemApplication           : The following 1 profile is active: "local"
20:30:46:313  INFO 20500 --- [main] o.s.cloud.context.scope.GenericScope     : BeanFactory id=27ecb4f4-c311-376b-b1f7-88ef2ba4726e
20:30:46:570  INFO 20500 --- [main] o.s.b.w.embedded.tomcat.TomcatWebServer  : Tomcat initialized with port(s): 8081 (http)
20:30:46:577  INFO 20500 --- [main] o.apache.catalina.core.StandardService   : Starting service [Tomcat]
20:30:46:577  INFO 20500 --- [main] org.apache.catalina.core.StandardEngine  : Starting Servlet engine: [Apache Tomcat/9.0.75]
20:30:46:693  INFO 20500 --- [main] o.a.c.c.C.[Tomcat].[localhost].[/]       : Initializing Spring embedded WebApplicationContext
20:30:46:693  INFO 20500 --- [main] w.s.c.ServletWebServerApplicationContext : Root WebApplicationContext: initialization completed in 1099 ms
20:30:47:715  INFO 20500 --- [main] pertySourcedRequestMappingHandlerMapping : Mapped URL path [/v2/api-docs] onto method [springfox.documentation.swagger2.web.Swagger2ControllerWebMvc#getDocumentation(String, HttpServletRequest)]
20:30:48:118  INFO 20500 --- [main] com.alibaba.nacos.common.remote.client   : [RpcClientFactory] create a new rpc client of d3505df1-4d7a-44d5-a95f-44896a285ffc
20:30:48:119  INFO 20500 --- [main] com.alibaba.nacos.common.remote.client   : [d3505df1-4d7a-44d5-a95f-44896a285ffc] RpcClient init label, labels = {module=naming, source=sdk}
20:30:48:121  INFO 20500 --- [main] com.alibaba.nacos.common.remote.client   : [d3505df1-4d7a-44d5-a95f-44896a285ffc] RpcClient init, ServerListFactory = com.alibaba.nacos.client.naming.core.ServerListManager
20:30:48:121  INFO 20500 --- [main] com.alibaba.nacos.common.remote.client   : [d3505df1-4d7a-44d5-a95f-44896a285ffc] Registry connection listener to current client:com.alibaba.nacos.client.naming.remote.gprc.redo.NamingGrpcRedoService
20:30:48:121  INFO 20500 --- [main] com.alibaba.nacos.common.remote.client   : [d3505df1-4d7a-44d5-a95f-44896a285ffc] Register server push request handler:com.alibaba.nacos.client.naming.remote.gprc.NamingPushRequestHandler
20:30:48:122  INFO 20500 --- [main] com.alibaba.nacos.common.remote.client   : [d3505df1-4d7a-44d5-a95f-44896a285ffc] Try to connect to server on start up, server: {serverIp = '10.6.2.5', server main port = 8848}
20:30:48:243  INFO 20500 --- [main] com.alibaba.nacos.common.remote.client   : [d3505df1-4d7a-44d5-a95f-44896a285ffc] Success to connect to server [10.6.2.5:8848] on start up, connectionId = 1711715583920_10.6.1.144_10229
20:30:48:243  INFO 20500 --- [main] com.alibaba.nacos.common.remote.client   : [d3505df1-4d7a-44d5-a95f-44896a285ffc] Register server push request handler:com.alibaba.nacos.common.remote.client.RpcClient$ConnectResetRequestHandler
20:30:48:243  INFO 20500 --- [main] com.alibaba.nacos.common.remote.client   : [d3505df1-4d7a-44d5-a95f-44896a285ffc] Register server push request handler:com.alibaba.nacos.common.remote.client.RpcClient$$Lambda$473/0x000000080041b040
20:30:48:243  INFO 20500 --- [com.alibaba.nacos.client.remote.worker] com.alibaba.nacos.common.remote.client   : [d3505df1-4d7a-44d5-a95f-44896a285ffc] Notify connected event to listeners.
20:30:48:281  INFO 20500 --- [main] o.s.b.w.embedded.tomcat.TomcatWebServer  : Tomcat started on port(s): 8081 (http) with context path ''
20:30:48:288  INFO 20500 --- [main] c.a.c.n.registry.NacosServiceRegistry    : nacos registry, DEFAULT_GROUP item-service 10.6.1.144:8081 register finished
20:30:48:360  INFO 20500 --- [main] d.s.w.p.DocumentationPluginsBootstrapper : Documentation plugins bootstrapped
20:30:48:362  INFO 20500 --- [main] d.s.w.p.DocumentationPluginsBootstrapper : Found 1 custom documentation plugin(s)
20:30:48:395  INFO 20500 --- [main] s.d.s.w.s.ApiListingReferenceScanner     : Scanning for api listing references
20:30:48:499  INFO 20500 --- [main] com.hmall.item.ItemApplication           : Started ItemApplication in 5.067 seconds (JVM running for 5.935)
20:30:48:503  INFO 20500 --- [main] c.a.c.n.refresh.NacosContextRefresher    : [Nacos Config] Listening config: dataId=item-service.yaml, group=DEFAULT_GROUP
20:30:48:503  INFO 20500 --- [main] c.a.c.n.refresh.NacosContextRefresher    : [Nacos Config] Listening config: dataId=item-service-local.yaml, group=DEFAULT_GROUP
20:30:48:504  INFO 20500 --- [main] c.a.c.n.refresh.NacosContextRefresher    : [Nacos Config] Listening config: dataId=item-service, group=DEFAULT_GROUP
20:30:48:781  INFO 20500 --- [nacos-grpc-client-executor-6] com.alibaba.nacos.common.remote.client   : [d3505df1-4d7a-44d5-a95f-44896a285ffc] Receive server push request, request = NotifySubscriberRequest, requestId = 139
20:30:48:784  INFO 20500 --- [nacos-grpc-client-executor-6] com.alibaba.nacos.common.remote.client   : [d3505df1-4d7a-44d5-a95f-44896a285ffc] Ack server push request, request = NotifySubscriberRequest, requestId = 139
20:32:48:273  WARN 20500 --- [Thread-1] c.a.n.common.http.HttpClientBeanHolder   : [HttpClientBeanHolder] Start destroying common HttpClient
20:32:48:273  WARN 20500 --- [Thread-5] c.a.nacos.common.notify.NotifyCenter     : [NotifyCenter] Start destroying Publisher
20:32:48:274  WARN 20500 --- [Thread-5] c.a.nacos.common.notify.NotifyCenter     : [NotifyCenter] Destruction of the end
20:32:48:274  WARN 20500 --- [Thread-1] c.a.n.common.http.HttpClientBeanHolder   : [HttpClientBeanHolder] Destruction of the end
20:32:48:357  INFO 20500 --- [SpringApplicationShutdownHook] c.a.c.n.registry.NacosServiceRegistry    : De-registering from Nacos Server now...
20:32:48:362  INFO 20500 --- [SpringApplicationShutdownHook] c.a.c.n.registry.NacosServiceRegistry    : De-registration finished.
20:32:48:688  INFO 20500 --- [SpringApplicationShutdownHook] com.alibaba.nacos.common.remote.client   : Shutdown rpc client, set status to shutdown
20:32:48:689  INFO 20500 --- [SpringApplicationShutdownHook] com.alibaba.nacos.common.remote.client   : Shutdown client event executor java.util.concurrent.ScheduledThreadPoolExecutor@65988ec[Running, pool size = 2, active threads = 2, queued tasks = 0, completed tasks = 0]
20:32:48:689  INFO 20500 --- [SpringApplicationShutdownHook] com.alibaba.nacos.common.remote.client   : Close current connection 1711715583920_10.6.1.144_10229
20:32:48:691  INFO 20500 --- [nacos-grpc-client-executor-33] c.a.n.c.remote.client.grpc.GrpcClient    : [1711715583920_10.6.1.144_10229]Ignore complete event,isRunning:false,isAbandon=false
20:32:48:693  INFO 20500 --- [SpringApplicationShutdownHook] c.a.n.c.remote.client.grpc.GrpcClient    : Shutdown grpc executor java.util.concurrent.ThreadPoolExecutor@1d5ae89a[Running, pool size = 4, active threads = 0, queued tasks = 0, completed tasks = 34]
20:32:54:850  INFO 21172 --- [main] com.hmall.item.ItemApplication           : The following 1 profile is active: "local"
20:32:56:143  INFO 21172 --- [main] o.s.cloud.context.scope.GenericScope     : BeanFactory id=27ecb4f4-c311-376b-b1f7-88ef2ba4726e
20:32:56:661  INFO 21172 --- [main] o.s.b.w.embedded.tomcat.TomcatWebServer  : Tomcat initialized with port(s): 8081 (http)
20:32:56:671  INFO 21172 --- [main] o.apache.catalina.core.StandardService   : Starting service [Tomcat]
20:32:56:672  INFO 21172 --- [main] org.apache.catalina.core.StandardEngine  : Starting Servlet engine: [Apache Tomcat/9.0.75]
20:32:56:841  INFO 21172 --- [main] o.a.c.c.C.[Tomcat].[localhost].[/]       : Initializing Spring embedded WebApplicationContext
20:32:56:841  INFO 21172 --- [main] w.s.c.ServletWebServerApplicationContext : Root WebApplicationContext: initialization completed in 1976 ms
20:32:58:111  INFO 21172 --- [main] pertySourcedRequestMappingHandlerMapping : Mapped URL path [/v2/api-docs] onto method [springfox.documentation.swagger2.web.Swagger2ControllerWebMvc#getDocumentation(String, HttpServletRequest)]
20:32:58:703  INFO 21172 --- [main] com.alibaba.nacos.common.remote.client   : [RpcClientFactory] create a new rpc client of 5b5b3aca-5cd6-46e8-85cb-0a2b3e380aad
20:32:58:704  INFO 21172 --- [main] com.alibaba.nacos.common.remote.client   : [5b5b3aca-5cd6-46e8-85cb-0a2b3e380aad] RpcClient init label, labels = {module=naming, source=sdk}
20:32:58:706  INFO 21172 --- [main] com.alibaba.nacos.common.remote.client   : [5b5b3aca-5cd6-46e8-85cb-0a2b3e380aad] RpcClient init, ServerListFactory = com.alibaba.nacos.client.naming.core.ServerListManager
20:32:58:707  INFO 21172 --- [main] com.alibaba.nacos.common.remote.client   : [5b5b3aca-5cd6-46e8-85cb-0a2b3e380aad] Registry connection listener to current client:com.alibaba.nacos.client.naming.remote.gprc.redo.NamingGrpcRedoService
20:32:58:707  INFO 21172 --- [main] com.alibaba.nacos.common.remote.client   : [5b5b3aca-5cd6-46e8-85cb-0a2b3e380aad] Register server push request handler:com.alibaba.nacos.client.naming.remote.gprc.NamingPushRequestHandler
20:32:58:708  INFO 21172 --- [main] com.alibaba.nacos.common.remote.client   : [5b5b3aca-5cd6-46e8-85cb-0a2b3e380aad] Try to connect to server on start up, server: {serverIp = '10.6.2.5', server main port = 8848}
20:32:58:834  INFO 21172 --- [main] com.alibaba.nacos.common.remote.client   : [5b5b3aca-5cd6-46e8-85cb-0a2b3e380aad] Success to connect to server [10.6.2.5:8848] on start up, connectionId = 1711715714498_10.6.1.144_11366
20:32:58:835  INFO 21172 --- [main] com.alibaba.nacos.common.remote.client   : [5b5b3aca-5cd6-46e8-85cb-0a2b3e380aad] Register server push request handler:com.alibaba.nacos.common.remote.client.RpcClient$ConnectResetRequestHandler
20:32:58:835  INFO 21172 --- [com.alibaba.nacos.client.remote.worker] com.alibaba.nacos.common.remote.client   : [5b5b3aca-5cd6-46e8-85cb-0a2b3e380aad] Notify connected event to listeners.
20:32:58:836  INFO 21172 --- [main] com.alibaba.nacos.common.remote.client   : [5b5b3aca-5cd6-46e8-85cb-0a2b3e380aad] Register server push request handler:com.alibaba.nacos.common.remote.client.RpcClient$$Lambda$473/0x000000080041b040
20:32:58:892  INFO 21172 --- [main] o.s.b.w.embedded.tomcat.TomcatWebServer  : Tomcat started on port(s): 8081 (http) with context path ''
20:32:58:900  INFO 21172 --- [main] c.a.c.n.registry.NacosServiceRegistry    : nacos registry, DEFAULT_GROUP item-service 10.6.1.144:8081 register finished
20:32:58:980  INFO 21172 --- [main] d.s.w.p.DocumentationPluginsBootstrapper : Documentation plugins bootstrapped
20:32:58:987  INFO 21172 --- [main] d.s.w.p.DocumentationPluginsBootstrapper : Found 1 custom documentation plugin(s)
20:32:59:024  INFO 21172 --- [main] s.d.s.w.s.ApiListingReferenceScanner     : Scanning for api listing references
20:32:59:132  INFO 21172 --- [main] com.hmall.item.ItemApplication           : Started ItemApplication in 7.013 seconds (JVM running for 7.966)
20:32:59:140  INFO 21172 --- [main] c.a.c.n.refresh.NacosContextRefresher    : [Nacos Config] Listening config: dataId=item-service.yaml, group=DEFAULT_GROUP
20:32:59:141  INFO 21172 --- [main] c.a.c.n.refresh.NacosContextRefresher    : [Nacos Config] Listening config: dataId=item-service-local.yaml, group=DEFAULT_GROUP
20:32:59:141  INFO 21172 --- [main] c.a.c.n.refresh.NacosContextRefresher    : [Nacos Config] Listening config: dataId=item-service, group=DEFAULT_GROUP
20:39:08:932  INFO 21172 --- [com.alibaba.nacos.client.remote.worker] com.alibaba.nacos.common.remote.client   : [ba353a03-ea68-400f-9b7e-7fc05f231cad_config-0] Server healthy check fail, currentConnection = 1711715710320_10.6.1.144_11241
20:39:08:932  INFO 21172 --- [com.alibaba.nacos.client.remote.worker] com.alibaba.nacos.common.remote.client   : [5b5b3aca-5cd6-46e8-85cb-0a2b3e380aad] Server healthy check fail, currentConnection = 1711715714498_10.6.1.144_11366
20:39:08:933  INFO 21172 --- [com.alibaba.nacos.client.remote.worker] com.alibaba.nacos.common.remote.client   : [5b5b3aca-5cd6-46e8-85cb-0a2b3e380aad] Try to reconnect to a new server, server is  not appointed, will choose a random server.
20:39:08:933  INFO 21172 --- [com.alibaba.nacos.client.remote.worker] com.alibaba.nacos.common.remote.client   : [ba353a03-ea68-400f-9b7e-7fc05f231cad_config-0] Try to reconnect to a new server, server is  not appointed, will choose a random server.
20:39:08:959  INFO 21172 --- [nacos-grpc-client-executor-5] com.alibaba.nacos.common.remote.client   : [5b5b3aca-5cd6-46e8-85cb-0a2b3e380aad] Receive server push request, request = NotifySubscriberRequest, requestId = 140
20:39:08:960  INFO 21172 --- [nacos-grpc-client-executor-13] com.alibaba.nacos.common.remote.client   : [ba353a03-ea68-400f-9b7e-7fc05f231cad_config-0] Receive server push request, request = ClientDetectionRequest, requestId = 143
20:39:08:964  INFO 21172 --- [nacos-grpc-client-executor-13] com.alibaba.nacos.common.remote.client   : [ba353a03-ea68-400f-9b7e-7fc05f231cad_config-0] Ack server push request, request = ClientDetectionRequest, requestId = 143
20:39:08:965  WARN 21172 --- [Thread-1] c.a.n.common.http.HttpClientBeanHolder   : [HttpClientBeanHolder] Start destroying common HttpClient
20:39:08:965  WARN 21172 --- [Thread-5] c.a.nacos.common.notify.NotifyCenter     : [NotifyCenter] Start destroying Publisher
20:39:08:966  WARN 21172 --- [Thread-5] c.a.nacos.common.notify.NotifyCenter     : [NotifyCenter] Destruction of the end
20:39:08:967  WARN 21172 --- [Thread-1] c.a.n.common.http.HttpClientBeanHolder   : [HttpClientBeanHolder] Destruction of the end
20:39:08:971  INFO 21172 --- [nacos-grpc-client-executor-13] c.a.n.c.remote.client.grpc.GrpcClient    : [1711715710320_10.6.1.144_11241]Ignore complete event,isRunning:false,isAbandon=false
20:39:08:975  INFO 21172 --- [nacos-grpc-client-executor-5] com.alibaba.nacos.common.remote.client   : [5b5b3aca-5cd6-46e8-85cb-0a2b3e380aad] Ack server push request, request = NotifySubscriberRequest, requestId = 140
20:39:08:982  INFO 21172 --- [nacos-grpc-client-executor-13] com.alibaba.nacos.common.remote.client   : [5b5b3aca-5cd6-46e8-85cb-0a2b3e380aad] Receive server push request, request = NotifySubscriberRequest, requestId = 141
20:39:08:982  INFO 21172 --- [nacos-grpc-client-executor-13] com.alibaba.nacos.common.remote.client   : [5b5b3aca-5cd6-46e8-85cb-0a2b3e380aad] Ack server push request, request = NotifySubscriberRequest, requestId = 141
20:39:08:987  INFO 21172 --- [nacos-grpc-client-executor-14] com.alibaba.nacos.common.remote.client   : [5b5b3aca-5cd6-46e8-85cb-0a2b3e380aad] Receive server push request, request = NotifySubscriberRequest, requestId = 142
20:39:08:987  INFO 21172 --- [nacos-grpc-client-executor-14] com.alibaba.nacos.common.remote.client   : [5b5b3aca-5cd6-46e8-85cb-0a2b3e380aad] Ack server push request, request = NotifySubscriberRequest, requestId = 142
20:39:08:994  INFO 21172 --- [nacos-grpc-client-executor-15] com.alibaba.nacos.common.remote.client   : [5b5b3aca-5cd6-46e8-85cb-0a2b3e380aad] Receive server push request, request = NotifySubscriberRequest, requestId = 144
20:39:08:995  INFO 21172 --- [nacos-grpc-client-executor-15] com.alibaba.nacos.common.remote.client   : [5b5b3aca-5cd6-46e8-85cb-0a2b3e380aad] Ack server push request, request = NotifySubscriberRequest, requestId = 144
20:39:09:003  INFO 21172 --- [nacos-grpc-client-executor-16] com.alibaba.nacos.common.remote.client   : [5b5b3aca-5cd6-46e8-85cb-0a2b3e380aad] Receive server push request, request = NotifySubscriberRequest, requestId = 145
20:39:09:004  INFO 21172 --- [nacos-grpc-client-executor-16] com.alibaba.nacos.common.remote.client   : [5b5b3aca-5cd6-46e8-85cb-0a2b3e380aad] Ack server push request, request = NotifySubscriberRequest, requestId = 145
20:39:09:011  INFO 21172 --- [nacos-grpc-client-executor-17] com.alibaba.nacos.common.remote.client   : [5b5b3aca-5cd6-46e8-85cb-0a2b3e380aad] Receive server push request, request = ClientDetectionRequest, requestId = 146
20:39:09:011  INFO 21172 --- [nacos-grpc-client-executor-17] com.alibaba.nacos.common.remote.client   : [5b5b3aca-5cd6-46e8-85cb-0a2b3e380aad] Ack server push request, request = ClientDetectionRequest, requestId = 146
20:39:09:017  INFO 21172 --- [nacos-grpc-client-executor-17] c.a.n.c.remote.client.grpc.GrpcClient    : [1711715714498_10.6.1.144_11366]Ignore complete event,isRunning:false,isAbandon=false
20:39:09:065 ERROR 21172 --- [com.alibaba.nacos.client.naming.updater.0] com.alibaba.nacos.common.remote.client   : Send request fail, request = ServiceQueryRequest{headers={}, requestId='null'}, retryTimes = 0, errorMessage = Connection is unregistered.
20:39:09:065 ERROR 21172 --- [com.alibaba.nacos.client.Worker] com.alibaba.nacos.common.remote.client   : Send request fail, request = ConfigBatchListenRequest{headers={}, requestId='null'}, retryTimes = 0, errorMessage = Connection is unregistered.
20:39:09:081  INFO 21172 --- [com.alibaba.nacos.client.remote.worker] com.alibaba.nacos.common.remote.client   : [5b5b3aca-5cd6-46e8-85cb-0a2b3e380aad] Success to connect a server [10.6.2.5:8848], connectionId = 1711716084704_10.6.1.144_8524
20:39:09:081  INFO 21172 --- [com.alibaba.nacos.client.remote.worker] com.alibaba.nacos.common.remote.client   : [ba353a03-ea68-400f-9b7e-7fc05f231cad_config-0] Success to connect a server [10.6.2.5:8848], connectionId = 1711716084704_10.6.1.144_8525
20:39:09:081  INFO 21172 --- [com.alibaba.nacos.client.remote.worker] com.alibaba.nacos.common.remote.client   : [5b5b3aca-5cd6-46e8-85cb-0a2b3e380aad] Abandon prev connection, server is 10.6.2.5:8848, connectionId is 1711715714498_10.6.1.144_11366
20:39:09:081  INFO 21172 --- [com.alibaba.nacos.client.remote.worker] com.alibaba.nacos.common.remote.client   : [ba353a03-ea68-400f-9b7e-7fc05f231cad_config-0] Abandon prev connection, server is 10.6.2.5:8848, connectionId is 1711715710320_10.6.1.144_11241
20:39:09:081  INFO 21172 --- [com.alibaba.nacos.client.remote.worker] com.alibaba.nacos.common.remote.client   : Close current connection 1711715714498_10.6.1.144_11366
20:39:09:081  INFO 21172 --- [com.alibaba.nacos.client.remote.worker] com.alibaba.nacos.common.remote.client   : Close current connection 1711715710320_10.6.1.144_11241
20:39:09:088  INFO 21172 --- [com.alibaba.nacos.client.remote.worker] com.alibaba.nacos.common.remote.client   : [5b5b3aca-5cd6-46e8-85cb-0a2b3e380aad] Notify disconnected event to listeners
20:39:09:088  INFO 21172 --- [com.alibaba.nacos.client.remote.worker] com.alibaba.nacos.common.remote.client   : [ba353a03-ea68-400f-9b7e-7fc05f231cad_config-0] Notify disconnected event to listeners
20:39:09:089  INFO 21172 --- [com.alibaba.nacos.client.remote.worker] com.alibaba.nacos.common.remote.client   : [ba353a03-ea68-400f-9b7e-7fc05f231cad_config-0] Notify connected event to listeners.
20:39:09:089  INFO 21172 --- [com.alibaba.nacos.client.remote.worker] com.alibaba.nacos.common.remote.client   : [5b5b3aca-5cd6-46e8-85cb-0a2b3e380aad] Notify connected event to listeners.
20:39:09:160 ERROR 21172 --- [SpringApplicationShutdownHook] com.alibaba.nacos.common.remote.client   : Send request fail, request = SubscribeServiceRequest{headers={app=unknown}, requestId='null'}, retryTimes = 0, errorMessage = Client not connected, current status:UNHEALTHY
20:39:09:169  INFO 21172 --- [SpringApplicationShutdownHook] c.a.c.n.registry.NacosServiceRegistry    : De-registering from Nacos Server now...
20:39:09:172  INFO 21172 --- [SpringApplicationShutdownHook] c.a.c.n.registry.NacosServiceRegistry    : De-registration finished.
20:39:09:175 ERROR 21172 --- [com.alibaba.nacos.client.Worker] com.alibaba.nacos.common.remote.client   : Send request fail, request = ConfigBatchListenRequest{headers={}, requestId='null'}, retryTimes = 1, errorMessage = Client not connected, current status:UNHEALTHY
20:39:09:175 ERROR 21172 --- [com.alibaba.nacos.client.naming.updater.0] com.alibaba.nacos.common.remote.client   : Send request fail, request = ServiceQueryRequest{headers={}, requestId='null'}, retryTimes = 1, errorMessage = Client not connected, current status:UNHEALTHY
20:39:09:184  INFO 21172 --- [SpringApplicationShutdownHook] com.alibaba.nacos.common.remote.client   : Shutdown rpc client, set status to shutdown
20:39:09:184  INFO 21172 --- [SpringApplicationShutdownHook] com.alibaba.nacos.common.remote.client   : Shutdown client event executor java.util.concurrent.ScheduledThreadPoolExecutor@371a0a63[Running, pool size = 2, active threads = 2, queued tasks = 0, completed tasks = 0]
20:39:09:184  INFO 21172 --- [SpringApplicationShutdownHook] com.alibaba.nacos.common.remote.client   : Close current connection 1711716084704_10.6.1.144_8524
20:39:09:185  INFO 21172 --- [SpringApplicationShutdownHook] c.a.n.c.remote.client.grpc.GrpcClient    : Shutdown grpc executor java.util.concurrent.ThreadPoolExecutor@beb3bb1[Running, pool size = 16, active threads = 0, queued tasks = 0, completed tasks = 21]
20:39:09:187  INFO 21172 --- [nacos-grpc-client-executor-21] c.a.n.c.remote.client.grpc.GrpcClient    : [1711716084704_10.6.1.144_8524]Ignore complete event,isRunning:false,isAbandon=false
20:39:13:224  INFO 18468 --- [main] com.hmall.item.ItemApplication           : The following 1 profile is active: "local"
20:39:14:558  INFO 18468 --- [main] o.s.cloud.context.scope.GenericScope     : BeanFactory id=27ecb4f4-c311-376b-b1f7-88ef2ba4726e
20:39:14:897  INFO 18468 --- [main] o.s.b.w.embedded.tomcat.TomcatWebServer  : Tomcat initialized with port(s): 8081 (http)
20:39:14:905  INFO 18468 --- [main] o.apache.catalina.core.StandardService   : Starting service [Tomcat]
20:39:14:905  INFO 18468 --- [main] org.apache.catalina.core.StandardEngine  : Starting Servlet engine: [Apache Tomcat/9.0.75]
20:39:15:025  INFO 18468 --- [main] o.a.c.c.C.[Tomcat].[localhost].[/]       : Initializing Spring embedded WebApplicationContext
20:39:15:025  INFO 18468 --- [main] w.s.c.ServletWebServerApplicationContext : Root WebApplicationContext: initialization completed in 1787 ms
20:39:15:950  INFO 18468 --- [main] pertySourcedRequestMappingHandlerMapping : Mapped URL path [/v2/api-docs] onto method [springfox.documentation.swagger2.web.Swagger2ControllerWebMvc#getDocumentation(String, HttpServletRequest)]
20:39:16:338  INFO 18468 --- [main] com.alibaba.nacos.common.remote.client   : [RpcClientFactory] create a new rpc client of a20a14e2-7d8b-409c-a6a8-d77b381ff42f
20:39:16:338  INFO 18468 --- [main] com.alibaba.nacos.common.remote.client   : [a20a14e2-7d8b-409c-a6a8-d77b381ff42f] RpcClient init label, labels = {module=naming, source=sdk}
20:39:16:339  INFO 18468 --- [main] com.alibaba.nacos.common.remote.client   : [a20a14e2-7d8b-409c-a6a8-d77b381ff42f] RpcClient init, ServerListFactory = com.alibaba.nacos.client.naming.core.ServerListManager
20:39:16:339  INFO 18468 --- [main] com.alibaba.nacos.common.remote.client   : [a20a14e2-7d8b-409c-a6a8-d77b381ff42f] Registry connection listener to current client:com.alibaba.nacos.client.naming.remote.gprc.redo.NamingGrpcRedoService
20:39:16:339  INFO 18468 --- [main] com.alibaba.nacos.common.remote.client   : [a20a14e2-7d8b-409c-a6a8-d77b381ff42f] Register server push request handler:com.alibaba.nacos.client.naming.remote.gprc.NamingPushRequestHandler
20:39:16:340  INFO 18468 --- [main] com.alibaba.nacos.common.remote.client   : [a20a14e2-7d8b-409c-a6a8-d77b381ff42f] Try to connect to server on start up, server: {serverIp = '10.6.2.5', server main port = 8848}
20:39:16:461  INFO 18468 --- [main] com.alibaba.nacos.common.remote.client   : [a20a14e2-7d8b-409c-a6a8-d77b381ff42f] Success to connect to server [10.6.2.5:8848] on start up, connectionId = 1711716092093_10.6.1.144_8601
20:39:16:461  INFO 18468 --- [main] com.alibaba.nacos.common.remote.client   : [a20a14e2-7d8b-409c-a6a8-d77b381ff42f] Register server push request handler:com.alibaba.nacos.common.remote.client.RpcClient$ConnectResetRequestHandler
20:39:16:461  INFO 18468 --- [main] com.alibaba.nacos.common.remote.client   : [a20a14e2-7d8b-409c-a6a8-d77b381ff42f] Register server push request handler:com.alibaba.nacos.common.remote.client.RpcClient$$Lambda$473/0x000000080041b040
20:39:16:461  INFO 18468 --- [com.alibaba.nacos.client.remote.worker] com.alibaba.nacos.common.remote.client   : [a20a14e2-7d8b-409c-a6a8-d77b381ff42f] Notify connected event to listeners.
20:39:16:497  INFO 18468 --- [main] o.s.b.w.embedded.tomcat.TomcatWebServer  : Tomcat started on port(s): 8081 (http) with context path ''
20:39:16:503  INFO 18468 --- [main] c.a.c.n.registry.NacosServiceRegistry    : nacos registry, DEFAULT_GROUP item-service 10.6.1.144:8081 register finished
20:39:16:573  INFO 18468 --- [main] d.s.w.p.DocumentationPluginsBootstrapper : Documentation plugins bootstrapped
20:39:16:575  INFO 18468 --- [main] d.s.w.p.DocumentationPluginsBootstrapper : Found 1 custom documentation plugin(s)
20:39:16:606  INFO 18468 --- [main] s.d.s.w.s.ApiListingReferenceScanner     : Scanning for api listing references
20:39:16:708  INFO 18468 --- [main] com.hmall.item.ItemApplication           : Started ItemApplication in 5.382 seconds (JVM running for 6.179)
20:39:16:712  INFO 18468 --- [main] c.a.c.n.refresh.NacosContextRefresher    : [Nacos Config] Listening config: dataId=item-service.yaml, group=DEFAULT_GROUP
20:39:16:713  INFO 18468 --- [main] c.a.c.n.refresh.NacosContextRefresher    : [Nacos Config] Listening config: dataId=item-service-local.yaml, group=DEFAULT_GROUP
20:39:16:713  INFO 18468 --- [main] c.a.c.n.refresh.NacosContextRefresher    : [Nacos Config] Listening config: dataId=item-service, group=DEFAULT_GROUP
20:43:17:341  INFO 18468 --- [com.alibaba.nacos.client.remote.worker] com.alibaba.nacos.common.remote.client   : [a20a14e2-7d8b-409c-a6a8-d77b381ff42f] Server healthy check fail, currentConnection = 1711716092093_10.6.1.144_8601
20:43:17:341  INFO 18468 --- [com.alibaba.nacos.client.remote.worker] com.alibaba.nacos.common.remote.client   : [dff1cdda-a007-432b-87de-bb4971b6502b_config-0] Server healthy check fail, currentConnection = 1711716088676_10.6.1.144_8588
20:43:17:341 ERROR 18468 --- [com.alibaba.nacos.client.Worker] com.alibaba.nacos.common.remote.client   : Send request fail, request = ConfigBatchListenRequest{headers={}, requestId='null'}, retryTimes = 0, errorMessage = java.util.concurrent.ExecutionException: com.alibaba.nacos.shaded.io.grpc.StatusRuntimeException: UNAVAILABLE: HTTP/2 error code: NO_ERROR
Received Goaway
app_requested
20:43:17:343  INFO 18468 --- [com.alibaba.nacos.client.remote.worker] com.alibaba.nacos.common.remote.client   : [a20a14e2-7d8b-409c-a6a8-d77b381ff42f] Try to reconnect to a new server, server is  not appointed, will choose a random server.
20:43:17:343  INFO 18468 --- [com.alibaba.nacos.client.remote.worker] com.alibaba.nacos.common.remote.client   : [dff1cdda-a007-432b-87de-bb4971b6502b_config-0] Try to reconnect to a new server, server is  not appointed, will choose a random server.
20:43:17:363  INFO 18468 --- [nacos-grpc-client-executor-13] com.alibaba.nacos.common.remote.client   : [dff1cdda-a007-432b-87de-bb4971b6502b_config-0] Receive server push request, request = ClientDetectionRequest, requestId = 151
20:43:17:364  INFO 18468 --- [nacos-grpc-client-executor-13] com.alibaba.nacos.common.remote.client   : [dff1cdda-a007-432b-87de-bb4971b6502b_config-0] Ack server push request, request = ClientDetectionRequest, requestId = 151
20:43:17:373  INFO 18468 --- [nacos-grpc-client-executor-5] com.alibaba.nacos.common.remote.client   : [a20a14e2-7d8b-409c-a6a8-d77b381ff42f] Receive server push request, request = NotifySubscriberRequest, requestId = 147
20:43:17:374  INFO 18468 --- [nacos-grpc-client-executor-13] c.a.n.c.remote.client.grpc.GrpcClient    : [1711716088676_10.6.1.144_8588]Ignore complete event,isRunning:false,isAbandon=false
20:43:17:381  INFO 18468 --- [nacos-grpc-client-executor-5] com.alibaba.nacos.common.remote.client   : [a20a14e2-7d8b-409c-a6a8-d77b381ff42f] Ack server push request, request = NotifySubscriberRequest, requestId = 147
20:43:17:391  INFO 18468 --- [nacos-grpc-client-executor-13] com.alibaba.nacos.common.remote.client   : [a20a14e2-7d8b-409c-a6a8-d77b381ff42f] Receive server push request, request = NotifySubscriberRequest, requestId = 148
20:43:17:391  INFO 18468 --- [nacos-grpc-client-executor-13] com.alibaba.nacos.common.remote.client   : [a20a14e2-7d8b-409c-a6a8-d77b381ff42f] Ack server push request, request = NotifySubscriberRequest, requestId = 148
20:43:17:401  INFO 18468 --- [nacos-grpc-client-executor-14] com.alibaba.nacos.common.remote.client   : [a20a14e2-7d8b-409c-a6a8-d77b381ff42f] Receive server push request, request = NotifySubscriberRequest, requestId = 149
20:43:17:401  INFO 18468 --- [nacos-grpc-client-executor-14] com.alibaba.nacos.common.remote.client   : [a20a14e2-7d8b-409c-a6a8-d77b381ff42f] Ack server push request, request = NotifySubscriberRequest, requestId = 149
20:43:17:408  INFO 18468 --- [nacos-grpc-client-executor-15] com.alibaba.nacos.common.remote.client   : [a20a14e2-7d8b-409c-a6a8-d77b381ff42f] Receive server push request, request = NotifySubscriberRequest, requestId = 150
20:43:17:408  INFO 18468 --- [nacos-grpc-client-executor-15] com.alibaba.nacos.common.remote.client   : [a20a14e2-7d8b-409c-a6a8-d77b381ff42f] Ack server push request, request = NotifySubscriberRequest, requestId = 150
20:43:17:416  INFO 18468 --- [nacos-grpc-client-executor-16] com.alibaba.nacos.common.remote.client   : [a20a14e2-7d8b-409c-a6a8-d77b381ff42f] Receive server push request, request = NotifySubscriberRequest, requestId = 152
20:43:17:416  INFO 18468 --- [nacos-grpc-client-executor-16] com.alibaba.nacos.common.remote.client   : [a20a14e2-7d8b-409c-a6a8-d77b381ff42f] Ack server push request, request = NotifySubscriberRequest, requestId = 152
20:43:17:422  INFO 18468 --- [nacos-grpc-client-executor-17] com.alibaba.nacos.common.remote.client   : [a20a14e2-7d8b-409c-a6a8-d77b381ff42f] Receive server push request, request = ClientDetectionRequest, requestId = 153
20:43:17:422  INFO 18468 --- [nacos-grpc-client-executor-17] com.alibaba.nacos.common.remote.client   : [a20a14e2-7d8b-409c-a6a8-d77b381ff42f] Ack server push request, request = ClientDetectionRequest, requestId = 153
20:43:17:432  INFO 18468 --- [nacos-grpc-client-executor-18] com.alibaba.nacos.common.remote.client   : [a20a14e2-7d8b-409c-a6a8-d77b381ff42f] Receive server push request, request = NotifySubscriberRequest, requestId = 154
20:43:17:432  INFO 18468 --- [nacos-grpc-client-executor-18] com.alibaba.nacos.common.remote.client   : [a20a14e2-7d8b-409c-a6a8-d77b381ff42f] Ack server push request, request = NotifySubscriberRequest, requestId = 154
20:43:17:435  INFO 18468 --- [nacos-grpc-client-executor-18] c.a.n.c.remote.client.grpc.GrpcClient    : [1711716092093_10.6.1.144_8601]Ignore complete event,isRunning:false,isAbandon=false
20:43:17:451 ERROR 18468 --- [com.alibaba.nacos.client.Worker] com.alibaba.nacos.common.remote.client   : Send request fail, request = ConfigBatchListenRequest{headers={}, requestId='null'}, retryTimes = 1, errorMessage = Client not connected, current status:UNHEALTHY
20:43:17:482  INFO 18468 --- [com.alibaba.nacos.client.remote.worker] com.alibaba.nacos.common.remote.client   : [a20a14e2-7d8b-409c-a6a8-d77b381ff42f] Success to connect a server [10.6.2.5:8848], connectionId = 1711716333088_10.6.1.144_10285
20:43:17:482 ERROR 18468 --- [com.alibaba.nacos.client.naming.updater.0] com.alibaba.nacos.common.remote.client   : Send request fail, request = ServiceQueryRequest{headers={}, requestId='null'}, retryTimes = 0, errorMessage = Connection is unregistered.
20:43:17:482  INFO 18468 --- [com.alibaba.nacos.client.remote.worker] com.alibaba.nacos.common.remote.client   : [a20a14e2-7d8b-409c-a6a8-d77b381ff42f] Abandon prev connection, server is 10.6.2.5:8848, connectionId is 1711716092093_10.6.1.144_8601
20:43:17:482  INFO 18468 --- [com.alibaba.nacos.client.remote.worker] com.alibaba.nacos.common.remote.client   : Close current connection 1711716092093_10.6.1.144_8601
20:43:17:488  INFO 18468 --- [com.alibaba.nacos.client.remote.worker] com.alibaba.nacos.common.remote.client   : [a20a14e2-7d8b-409c-a6a8-d77b381ff42f] Notify disconnected event to listeners
20:43:17:489  INFO 18468 --- [com.alibaba.nacos.client.remote.worker] com.alibaba.nacos.common.remote.client   : [a20a14e2-7d8b-409c-a6a8-d77b381ff42f] Notify connected event to listeners.
20:43:17:497  INFO 18468 --- [com.alibaba.nacos.client.remote.worker] com.alibaba.nacos.common.remote.client   : [dff1cdda-a007-432b-87de-bb4971b6502b_config-0] Success to connect a server [10.6.2.5:8848], connectionId = 1711716333088_10.6.1.144_10284
20:43:17:497  INFO 18468 --- [com.alibaba.nacos.client.remote.worker] com.alibaba.nacos.common.remote.client   : [dff1cdda-a007-432b-87de-bb4971b6502b_config-0] Abandon prev connection, server is 10.6.2.5:8848, connectionId is 1711716088676_10.6.1.144_8588
20:43:17:497  INFO 18468 --- [com.alibaba.nacos.client.remote.worker] com.alibaba.nacos.common.remote.client   : Close current connection 1711716088676_10.6.1.144_8588
20:43:17:497  INFO 18468 --- [com.alibaba.nacos.client.remote.worker] com.alibaba.nacos.common.remote.client   : [dff1cdda-a007-432b-87de-bb4971b6502b_config-0] Notify disconnected event to listeners
20:43:17:498  INFO 18468 --- [com.alibaba.nacos.client.remote.worker] com.alibaba.nacos.common.remote.client   : [dff1cdda-a007-432b-87de-bb4971b6502b_config-0] Notify connected event to listeners.
20:43:17:560 ERROR 18468 --- [com.alibaba.nacos.client.Worker] com.alibaba.nacos.common.remote.client   : Send request fail, request = ConfigBatchListenRequest{headers={}, requestId='null'}, retryTimes = 2, errorMessage = Client not connected, current status:UNHEALTHY
20:43:17:571  INFO 18468 --- [com.alibaba.nacos.client.remote.worker] com.alibaba.nacos.common.remote.client   : [dff1cdda-a007-432b-87de-bb4971b6502b_config-0] Server check success, currentServer is 10.6.2.5:8848 
20:43:17:591 ERROR 18468 --- [com.alibaba.nacos.client.naming.updater.0] com.alibaba.nacos.common.remote.client   : Send request fail, request = ServiceQueryRequest{headers={}, requestId='null'}, retryTimes = 1, errorMessage = Client not connected, current status:UNHEALTHY
20:43:20:877  INFO 18468 --- [nacos-grpc-client-executor-23] com.alibaba.nacos.common.remote.client   : [a20a14e2-7d8b-409c-a6a8-d77b381ff42f] Receive server push request, request = NotifySubscriberRequest, requestId = 155
20:43:20:878  INFO 18468 --- [nacos-grpc-client-executor-23] com.alibaba.nacos.common.remote.client   : [a20a14e2-7d8b-409c-a6a8-d77b381ff42f] Ack server push request, request = NotifySubscriberRequest, requestId = 155
21:19:09:050  WARN 18468 --- [Thread-5] c.a.nacos.common.notify.NotifyCenter     : [NotifyCenter] Start destroying Publisher
21:19:09:051  WARN 18468 --- [Thread-1] c.a.n.common.http.HttpClientBeanHolder   : [HttpClientBeanHolder] Start destroying common HttpClient
21:19:09:051  WARN 18468 --- [Thread-5] c.a.nacos.common.notify.NotifyCenter     : [NotifyCenter] Destruction of the end
21:19:09:052  WARN 18468 --- [Thread-1] c.a.n.common.http.HttpClientBeanHolder   : [HttpClientBeanHolder] Destruction of the end
21:19:09:148  INFO 18468 --- [SpringApplicationShutdownHook] c.a.c.n.registry.NacosServiceRegistry    : De-registering from Nacos Server now...
21:19:09:153  INFO 18468 --- [SpringApplicationShutdownHook] c.a.c.n.registry.NacosServiceRegistry    : De-registration finished.
21:19:09:483  INFO 18468 --- [SpringApplicationShutdownHook] com.alibaba.nacos.common.remote.client   : Shutdown rpc client, set status to shutdown
21:19:09:483  INFO 18468 --- [SpringApplicationShutdownHook] com.alibaba.nacos.common.remote.client   : Shutdown client event executor java.util.concurrent.ScheduledThreadPoolExecutor@1811d5eb[Running, pool size = 2, active threads = 2, queued tasks = 0, completed tasks = 0]
21:19:09:483  INFO 18468 --- [SpringApplicationShutdownHook] com.alibaba.nacos.common.remote.client   : Close current connection 1711716333088_10.6.1.144_10285
21:19:09:484  INFO 18468 --- [SpringApplicationShutdownHook] c.a.n.c.remote.client.grpc.GrpcClient    : Shutdown grpc executor java.util.concurrent.ThreadPoolExecutor@1bba7741[Running, pool size = 4, active threads = 0, queued tasks = 0, completed tasks = 455]
